#
# An unexpected error has been detected by Java Runtime Environment:
#
#  EXCEPTION_ACCESS_VIOLATION (0xc0000005) at pc=0x0000000011ef5110, pid=4736, tid=4448
#
# Java VM: Java HotSpot(TM) 64-Bit Server VM (1.6.0-b105 mixed mode)
# Problematic frame:
# C  [awt.dll+0x185110]
#
# If you would like to submit a bug report, please visit:
#   http://java.sun.com/webapps/bugreport/crash.jsp
#

---------------  T H R E A D  ---------------

Current thread (0x00000000185e6800):  JavaThread "AWT-EventQueue-0" [_thread_in_native, id=4448]

siginfo: ExceptionCode=0xc0000005, reading address 0xffffffffffffffff

Registers:
EAX=0xff1000baf147976c, EBX=0x0000000000000001, ECX=0x000000001beba9a0, EDX=0x00000000188e5b10
ESP=0x000000001afae7c0, EBP=0x00000000185043f0, ESI=0x00000000185e6990, EDI=0x0000000000000000
EIP=0x0000000011ef5110, EFLAGS=0x0000000000010202

Top of Stack: (sp=0x000000001afae7c0)
0x000000001afae7c0:   00000000185e6800 0000000000000000
0x000000001afae7d0:   000000001afae910 0000000080d9e840
0x000000001afae7e0:   0000000000000001 0000000011ef6dd3
0x000000001afae7f0:   0000000000000001 00000000185043f0
0x000000001afae800:   00000000185e6990 0000000000000000
0x000000001afae810:   000000001afae828 000000001afae878
0x000000001afae820:   000000000cbd31a2 00000000eacd5fd0
0x000000001afae830:   0000000000000000 0000000000000000
0x000000001afae840:   0000000080d9dd4b 0000000000000102
0x000000001afae850:   000000000cbd308e 00000000802b50e8
0x000000001afae860:   000000001afae8e8 000000000cbdfc24
0x000000001afae870:   000000001afae888 000000001afae8e8
0x000000001afae880:   000000000cbd31a2 0000000080d9e840
0x000000001afae890:   0000000087464c58 00000000eacd5fd0
0x000000001afae8a0:   00000000eacd5fd0 000000001afae8a8
0x000000001afae8b0:   0000000000000000 000000001afae910 

Instructions: (pc=0x0000000011ef5110)
0x0000000011ef5100:   e8 5b 72 f9 ff 48 8b 0d 04 9a 08 00 48 8b 04 d8
0x0000000011ef5110:   48 8b 58 30 e8 67 72 f9 ff 48 8b c3 48 83 c4 20 


Stack: [0x000000001af30000,0x000000001afb0000),  sp=0x000000001afae7c0,  free space=505k
Native frames: (J=compiled Java code, j=interpreted, Vv=VM code, C=native code)
C  [awt.dll+0x185110]

Java frames: (J=compiled Java code, j=interpreted, Vv=VM code)
j  sun.awt.Win32GraphicsConfig.getBounds(I)Ljava/awt/Rectangle;+0
j  sun.awt.Win32GraphicsConfig.getBounds()Ljava/awt/Rectangle;+8
j  javax.swing.JPopupMenu.adjustPopupLocationToFitScreen(II)Ljava/awt/Point;+79
j  javax.swing.JPopupMenu.getPopup()Ljavax/swing/Popup;+46
j  javax.swing.JPopupMenu.setVisible(Z)V+128
j  javax.swing.JPopupMenu.show(Ljava/awt/Component;II)V+152
j  javax.swing.plaf.basic.BasicComboPopup.show()V+29
j  javax.swing.plaf.basic.BasicComboBoxUI.setPopupVisible(Ljavax/swing/JComboBox;Z)V+8
j  javax.swing.JComboBox.setPopupVisible(Z)V+6
j  com.mathworks.mwswing.MJComboBox.setPopupVisible(Z)V+31
j  javax.swing.plaf.basic.BasicComboBoxUI$Actions.actionPerformed(Ljava/awt/event/ActionEvent;)V+274
j  javax.swing.SwingUtilities.notifyAction(Ljavax/swing/Action;Ljavax/swing/KeyStroke;Ljava/awt/event/KeyEvent;Ljava/lang/Object;I)Z+132
J  javax.swing.JComponent.processKeyBinding(Ljavax/swing/KeyStroke;Ljava/awt/event/KeyEvent;IZ)Z
J  javax.swing.JComponent.processKeyBindings(Ljava/awt/event/KeyEvent;Z)Z
j  javax.swing.JComponent.processKeyEvent(Ljava/awt/event/KeyEvent;)V+51
J  java.awt.Component.processEvent(Ljava/awt/AWTEvent;)V
J  java.awt.Container.processEvent(Ljava/awt/AWTEvent;)V
J  java.awt.Component.dispatchEventImpl(Ljava/awt/AWTEvent;)V
J  java.awt.Container.dispatchEventImpl(Ljava/awt/AWTEvent;)V
J  java.awt.DefaultKeyboardFocusManager.dispatchKeyEvent(Ljava/awt/event/KeyEvent;)Z
j  java.awt.DefaultKeyboardFocusManager.preDispatchKeyEvent(Ljava/awt/event/KeyEvent;)Z+140
J  java.awt.DefaultKeyboardFocusManager.dispatchEvent(Ljava/awt/AWTEvent;)Z
J  java.awt.Component.dispatchEventImpl(Ljava/awt/AWTEvent;)V
J  java.awt.Container.dispatchEventImpl(Ljava/awt/AWTEvent;)V
j  java.awt.Window.dispatchEventImpl(Ljava/awt/AWTEvent;)V+19
J  java.awt.EventDispatchThread.pumpOneEventForFilters(I)Z
J  java.awt.EventDispatchThread.pumpEventsForFilter(ILjava/awt/Conditional;Ljava/awt/EventFilter;)V
j  java.awt.EventDispatchThread.pumpEventsForHierarchy(ILjava/awt/Conditional;Ljava/awt/Component;)V+11
j  java.awt.EventDispatchThread.pumpEvents(ILjava/awt/Conditional;)V+4
j  java.awt.EventDispatchThread.pumpEvents(Ljava/awt/Conditional;)V+3
j  java.awt.EventDispatchThread.run()V+9
v  ~StubRoutines::call_stub

---------------  P R O C E S S  ---------------

Java Threads: ( => current thread )
  0x000000001b696400 JavaThread "Thread-111" [_thread_blocked, id=5800]
  0x000000001bae5800 JavaThread "Prefs Updater" [_thread_blocked, id=5792]
  0x000000001bae2800 JavaThread "Thread-82" [_thread_blocked, id=2580]
  0x000000001bae2000 JavaThread "Thread-81" [_thread_blocked, id=2128]
  0x000000001beed800 JavaThread "Thread-80" [_thread_blocked, id=3460]
  0x000000001beed400 JavaThread "Thread-79" [_thread_blocked, id=3016]
  0x000000001beecc00 JavaThread "Thread-78" [_thread_blocked, id=3488]
  0x000000001beec400 JavaThread "Thread-77" [_thread_blocked, id=3592]
  0x000000001beebc00 JavaThread "Thread-76" [_thread_blocked, id=4940]
  0x000000001beeb800 JavaThread "Thread-75" [_thread_blocked, id=492]
  0x000000001beeb000 JavaThread "Thread-74" [_thread_blocked, id=3576]
  0x000000001beea800 JavaThread "Thread-73" [_thread_blocked, id=3200]
  0x000000001beea000 JavaThread "Thread-72" [_thread_blocked, id=3620]
  0x000000001b5ea800 JavaThread "Thread-71" [_thread_blocked, id=3068]
  0x000000001b5ea000 JavaThread "Thread-70" [_thread_blocked, id=3632]
  0x000000001b5e9800 JavaThread "Thread-69" [_thread_blocked, id=1680]
  0x000000001b5e9000 JavaThread "Thread-68" [_thread_blocked, id=3744]
  0x000000001b5e8c00 JavaThread "Thread-67" [_thread_blocked, id=2052]
  0x000000001b5e8400 JavaThread "Thread-66" [_thread_blocked, id=5084]
  0x000000001b5e7c00 JavaThread "Thread-65" [_thread_blocked, id=5092]
  0x000000001b5e7400 JavaThread "Thread-64" [_thread_blocked, id=5112]
  0x000000001b5e7000 JavaThread "Thread-63" [_thread_blocked, id=5108]
  0x000000001b91f800 JavaThread "Thread-62" [_thread_blocked, id=5100]
  0x000000001b91f000 JavaThread "Thread-61" [_thread_blocked, id=5096]
  0x000000001b91e800 JavaThread "Thread-60" [_thread_blocked, id=512]
  0x000000001b91e000 JavaThread "Thread-59" [_thread_blocked, id=5104]
  0x000000001b91dc00 JavaThread "Thread-58" [_thread_blocked, id=5116]
  0x000000001b91d400 JavaThread "Thread-57" [_thread_blocked, id=2456]
  0x000000001b91cc00 JavaThread "Thread-56" [_thread_blocked, id=756]
  0x000000001b91c400 JavaThread "Thread-55" [_thread_blocked, id=5040]
  0x000000001b91c000 JavaThread "Thread-54" [_thread_blocked, id=5064]
  0x00000000191ffc00 JavaThread "Thread-53" [_thread_blocked, id=5056]
  0x00000000191ff400 JavaThread "Thread-52" [_thread_blocked, id=5072]
  0x00000000191fec00 JavaThread "Thread-51" [_thread_blocked, id=4992]
  0x00000000191fe400 JavaThread "Thread-50" [_thread_blocked, id=3652]
  0x00000000191fe000 JavaThread "Thread-49" [_thread_blocked, id=2220]
  0x00000000191fd800 JavaThread "Thread-48" [_thread_blocked, id=4692]
  0x00000000185e8400 JavaThread "Thread-47" [_thread_blocked, id=4680]
  0x00000000185e6000 JavaThread "Thread-46" [_thread_blocked, id=4672]
  0x00000000191fd000 JavaThread "Thread-45" [_thread_blocked, id=1668]
  0x00000000191fc800 JavaThread "Thread-44" [_thread_blocked, id=5000]
  0x00000000191fc400 JavaThread "Thread-43" [_thread_blocked, id=5020]
  0x000000001950cc00 JavaThread "Thread-42" [_thread_blocked, id=5016]
  0x000000001950c400 JavaThread "Thread-41" [_thread_blocked, id=5008]
  0x000000001950bc00 JavaThread "Thread-40" [_thread_blocked, id=5012]
  0x000000001950b400 JavaThread "Thread-39" [_thread_blocked, id=3292]
  0x000000001950b000 JavaThread "Thread-38" [_thread_blocked, id=5024]
  0x000000001950a800 JavaThread "Thread-37" [_thread_blocked, id=2836]
  0x000000001950a000 JavaThread "Thread-36" [_thread_blocked, id=1368]
  0x0000000019509800 JavaThread "Thread-35" [_thread_blocked, id=1724]
  0x0000000019509400 JavaThread "Thread-34" [_thread_blocked, id=1748]
  0x00000000190fe400 JavaThread "Thread-32" [_thread_blocked, id=3184]
  0x00000000190fdc00 JavaThread "Thread-31" [_thread_blocked, id=3176]
  0x00000000190fd400 JavaThread "Thread-30" [_thread_blocked, id=4944]
  0x00000000190fd000 JavaThread "Thread-29" [_thread_blocked, id=4984]
  0x00000000190fc800 JavaThread "Thread-28" [_thread_blocked, id=4876]
  0x00000000190fc000 JavaThread "Thread-27" [_thread_blocked, id=4708]
  0x00000000190fb800 JavaThread "Thread-26" [_thread_blocked, id=4972]
  0x00000000190fb400 JavaThread "Thread-25" [_thread_blocked, id=4980]
  0x00000000192a7c00 JavaThread "Thread-24" [_thread_blocked, id=4948]
  0x00000000192a7400 JavaThread "Thread-23" [_thread_blocked, id=392]
  0x00000000192a6c00 JavaThread "Thread-22" [_thread_blocked, id=4920]
  0x00000000192a6400 JavaThread "Thread-21" [_thread_blocked, id=3796]
  0x00000000192a6000 JavaThread "Thread-20" [_thread_blocked, id=132]
  0x00000000192a5800 JavaThread "Thread-19" [_thread_blocked, id=2140]
  0x00000000192a5000 JavaThread "Thread-18" [_thread_blocked, id=3908]
  0x00000000192a4800 JavaThread "Thread-17" [_thread_blocked, id=3104]
  0x00000000192a4400 JavaThread "Thread-16" [_thread_blocked, id=776]
  0x00000000185ed800 JavaThread "Thread-15" [_thread_blocked, id=4884]
  0x00000000185ed000 JavaThread "Thread-14" [_thread_blocked, id=4904]
  0x00000000185ecc00 JavaThread "Thread-13" [_thread_blocked, id=4900]
  0x00000000185ec400 JavaThread "Thread-12" [_thread_blocked, id=4892]
  0x00000000185ebc00 JavaThread "Thread-11" [_thread_blocked, id=4888]
  0x00000000185eb400 JavaThread "Thread-10" [_thread_blocked, id=4896]
  0x00000000185eb000 JavaThread "Thread-9" [_thread_blocked, id=2416]
  0x00000000185ea800 JavaThread "Thread-8" [_thread_blocked, id=1124]
  0x00000000185ea000 JavaThread "Active Reference Queue Daemon" daemon [_thread_blocked, id=4912]
  0x00000000185e9800 JavaThread "Timer-3" daemon [_thread_blocked, id=652]
  0x00000000185e7800 JavaThread "Timer-2" daemon [_thread_blocked, id=2276]
  0x00000000185e7c00 JavaThread "Timer-1" [_thread_blocked, id=1528]
  0x00000000185e7000 JavaThread "TimerQueue" daemon [_thread_blocked, id=4440]
=>0x00000000185e6800 JavaThread "AWT-EventQueue-0" [_thread_in_native, id=4448]
  0x00000000041f9800 JavaThread "AWT-Shutdown" [_thread_blocked, id=4652]
  0x00000000041fa800 JavaThread "Timer-0" [_thread_blocked, id=4668]
  0x00000000041fa000 JavaThread "AWT-Windows" daemon [_thread_in_native, id=4700]
  0x00000000041f9000 JavaThread "Java2D Disposer" daemon [_thread_blocked, id=4768]
  0x00000000041f8c00 JavaThread "RMI TCP Accept-0" daemon [_thread_in_native, id=4784]
  0x00000000041f6800 JavaThread "Low Memory Detector" daemon [_thread_blocked, id=4776]
  0x00000000041f6000 JavaThread "CompilerThread1" daemon [_thread_blocked, id=4772]
  0x00000000041f5800 JavaThread "CompilerThread0" daemon [_thread_blocked, id=1960]
  0x00000000041f5000 JavaThread "Attach Listener" daemon [_thread_blocked, id=4780]
  0x00000000041f4c00 JavaThread "Signal Dispatcher" daemon [_thread_blocked, id=4856]
  0x00000000041f4400 JavaThread "Finalizer" daemon [_thread_blocked, id=4852]
  0x00000000041f3c00 JavaThread "Reference Handler" daemon [_thread_blocked, id=4724]
  0x00000000041f3400 JavaThread "main" [_thread_in_native, id=4732]

Other Threads:
  0x0000000004242000 VMThread [id=4836]
  0x0000000004242400 WatcherThread [id=4788]

VM state:not at safepoint (normal execution)

VM Mutex/Monitor currently owned by a thread: None

Heap
 PSYoungGen      total 113984K, used 82205K [0x00000000e71f0000, 0x00000000f2d70000, 0x00000001071f0000)
  eden space 92160K, 65% used [0x00000000e71f0000,0x00000000eacef7e8,0x00000000ecbf0000)
  from space 21824K, 99% used [0x00000000ecbf0000,0x00000000ee137f60,0x00000000ee140000)
  to   space 49792K, 0% used [0x00000000efcd0000,0x00000000efcd0000,0x00000000f2d70000)
 PSOldGen        total 306944K, used 219547K [0x00000000871f0000, 0x0000000099db0000, 0x00000000e71f0000)
  object space 306944K, 71% used [0x00000000871f0000,0x0000000094856d18,0x0000000099db0000)
 PSPermGen       total 116736K, used 47376K [0x000000007fff0000, 0x00000000871f0000, 0x00000000871f0000)
  object space 116736K, 40% used [0x000000007fff0000,0x0000000082e34230,0x00000000871f0000)

Dynamic libraries:
0x0000000140000000 - 0x00000001400ed000 	C:\Program Files\MATLAB\R2007b\bin\win64\MATLAB.exe
0x0000000077ec0000 - 0x0000000077ffb000 	C:\WINDOWS\system32\ntdll.dll
0x0000000077d40000 - 0x0000000077eb3000 	C:\WINDOWS\system32\kernel32.dll
0x0000000180000000 - 0x00000001801fb000 	C:\Program Files\MATLAB\R2007b\bin\win64\libmwservices.dll
0x0000000001350000 - 0x00000000013af000 	C:\Program Files\MATLAB\R2007b\bin\win64\libmwmathutil.dll
0x00000000013c0000 - 0x000000000142b000 	C:\Program Files\MATLAB\R2007b\bin\win64\libmx.dll
0x0000000001440000 - 0x0000000001845000 	C:\Program Files\MATLAB\R2007b\bin\win64\libut.dll
0x000007ff7e470000 - 0x000007ff7e483000 	C:\WINDOWS\system32\imagehlp.dll
0x000007ff7fc00000 - 0x000007ff7fc86000 	C:\WINDOWS\system32\msvcrt.dll
0x000007ff7e380000 - 0x000007ff7e390000 	C:\WINDOWS\system32\PSAPI.DLL
0x0000000012000000 - 0x0000000012292000 	C:\Program Files\MATLAB\R2007b\bin\win64\xerces-c_2_7.dll
0x000000004a800000 - 0x000000004a920000 	C:\Program Files\MATLAB\R2007b\bin\win64\icuuc36.dll
0x000007ff7fee0000 - 0x000007ff7ffe6000 	C:\WINDOWS\system32\ADVAPI32.dll
0x000007ff7fd30000 - 0x000007ff7fed0000 	C:\WINDOWS\system32\RPCRT4.dll
0x000007ff7e9c0000 - 0x000007ff7e9e2000 	C:\WINDOWS\system32\Secur32.dll
0x0000000010000000 - 0x0000000010003000 	C:\Program Files\MATLAB\R2007b\bin\win64\icudt36.dll
0x0000000078130000 - 0x00000000781f9000 	C:\WINDOWS\WinSxS\amd64_Microsoft.VC80.CRT_1fc8b3b9a1e18e3b_8.0.50727.3053_x-ww_EA198EAA\MSVCR80.dll
0x000007ff77310000 - 0x000007ff77340000 	C:\WINDOWS\system32\WS2_32.dll
0x000007ff77140000 - 0x000007ff7714c000 	C:\WINDOWS\system32\WS2HELP.dll
0x0000000001890000 - 0x00000000019a2000 	C:\Program Files\MATLAB\R2007b\bin\win64\icuin36.dll
0x000000004ab00000 - 0x000000004ab11000 	C:\Program Files\MATLAB\R2007b\bin\win64\icuio36.dll
0x000000007c420000 - 0x000000007c529000 	C:\WINDOWS\WinSxS\amd64_Microsoft.VC80.CRT_1fc8b3b9a1e18e3b_8.0.50727.3053_x-ww_EA198EAA\MSVCP80.dll
0x0000000077c20000 - 0x0000000077d2c000 	C:\WINDOWS\system32\USER32.dll
0x000007ff7fc90000 - 0x000007ff7fd2c000 	C:\WINDOWS\system32\GDI32.dll
0x00000000019d0000 - 0x00000000019e7000 	C:\Program Files\MATLAB\R2007b\bin\win64\zlib1.dll
0x00000000019f0000 - 0x0000000001a44000 	C:\Program Files\MATLAB\R2007b\bin\win64\mpath.dll
0x000007ff76200000 - 0x000007ff762ef000 	C:\WINDOWS\WinSxS\amd64_Microsoft.Windows.Common-Controls_6595b64144ccf1df_5.82.3790.3959_x-ww_AB06DEB0\COMCTL32.dll
0x000007ff7d540000 - 0x000007ff7d5b7000 	C:\WINDOWS\system32\comdlg32.dll
0x000007ff7ef60000 - 0x000007ff7effb000 	C:\WINDOWS\system32\SHLWAPI.dll
0x000007ff7f190000 - 0x000007ff7fb9c000 	C:\WINDOWS\system32\SHELL32.dll
0x000007ff77370000 - 0x000007ff77409000 	C:\WINDOWS\system32\NETAPI32.dll
0x0000000001a60000 - 0x0000000001aaf000 	C:\Program Files\MATLAB\R2007b\bin\win64\mcr.dll
0x0000000001ac0000 - 0x0000000001ade000 	C:\Program Files\MATLAB\R2007b\bin\win64\bridge.dll
0x0000000001af0000 - 0x0000000001b00000 	C:\Program Files\MATLAB\R2007b\bin\win64\iqm.dll
0x0000000001b10000 - 0x0000000001b21000 	C:\Program Files\MATLAB\R2007b\bin\win64\libmex.dll
0x0000000001b40000 - 0x0000000001bc4000 	C:\Program Files\MATLAB\R2007b\bin\win64\m_dispatcher.dll
0x0000000001be0000 - 0x0000000001c05000 	C:\Program Files\MATLAB\R2007b\bin\win64\datasvcs.dll
0x0000000001c20000 - 0x000000000244e000 	C:\Program Files\MATLAB\R2007b\bin\win64\m_interpreter.dll
0x000007ff724e0000 - 0x000007ff7261e000 	C:\WINDOWS\system32\dbghelp.dll
0x000007ff7fbf0000 - 0x000007ff7fbfb000 	C:\WINDOWS\system32\VERSION.dll
0x0000000002460000 - 0x0000000002490000 	C:\Program Files\MATLAB\R2007b\bin\win64\libmat.dll
0x00000000024a0000 - 0x00000000025b2000 	C:\Program Files\MATLAB\R2007b\bin\win64\libhdf5.dll
0x00000000025c0000 - 0x00000000025cb000 	C:\Program Files\MATLAB\R2007b\bin\win64\libmwmathrng.dll
0x00000000025e0000 - 0x0000000002628000 	C:\Program Files\MATLAB\R2007b\bin\win64\m_ir.dll
0x0000000002640000 - 0x0000000002bf8000 	C:\Program Files\MATLAB\R2007b\bin\win64\m_parser.dll
0x0000000002c10000 - 0x0000000002c20000 	C:\Program Files\MATLAB\R2007b\bin\win64\ir_xfmr.dll
0x0000000002c30000 - 0x0000000002de6000 	C:\Program Files\MATLAB\R2007b\bin\win64\mcos.dll
0x0000000002e00000 - 0x0000000002e0c000 	C:\Program Files\MATLAB\R2007b\bin\win64\mtok.dll
0x0000000002e20000 - 0x0000000002e40000 	C:\Program Files\MATLAB\R2007b\bin\win64\m_pcodegen.dll
0x0000000002e50000 - 0x0000000002e6b000 	C:\Program Files\MATLAB\R2007b\bin\win64\m_pcodeio.dll
0x0000000002e80000 - 0x0000000002eec000 	C:\Program Files\MATLAB\R2007b\bin\win64\profiler.dll
0x0000000002f00000 - 0x0000000002f12000 	C:\Program Files\MATLAB\R2007b\bin\win64\boost_thread-vc80-mt-1_33_1.dll
0x0000000002f30000 - 0x0000000002ff0000 	C:\Program Files\MATLAB\R2007b\bin\win64\udd.dll
0x0000000003000000 - 0x000000000306b000 	C:\Program Files\MATLAB\R2007b\bin\win64\comcli.dll
0x0000000003080000 - 0x00000000030d2000 	C:\Program Files\MATLAB\R2007b\bin\win64\jmi.dll
0x000007ff770f0000 - 0x000007ff770fa000 	C:\WINDOWS\system32\WSOCK32.dll
0x00000000030f0000 - 0x000000000319f000 	C:\Program Files\MATLAB\R2007b\bin\win64\uiw.dll
0x00000000031b0000 - 0x00000000032c6000 	C:\Program Files\MATLAB\R2007b\bin\win64\libmwgui.dll
0x00000000032e0000 - 0x000000000331e000 	C:\Program Files\MATLAB\R2007b\bin\win64\libmwhardcopy.dll
0x0000000003330000 - 0x0000000003381000 	C:\Program Files\MATLAB\R2007b\bin\win64\libuij.dll
0x00000000033a0000 - 0x00000000033aa000 	C:\Program Files\MATLAB\R2007b\bin\win64\uinone.dll
0x00000000033c0000 - 0x000000000355b000 	C:\WINDOWS\WinSxS\amd64_Microsoft.VC80.MFC_1fc8b3b9a1e18e3b_8.0.50727.762_x-ww_6E02DFE5\MFC80.DLL
0x000007ff78f10000 - 0x000007ff78f51000 	C:\WINDOWS\system32\WINSPOOL.DRV
0x000007ff57140000 - 0x000007ff573c5000 	C:\WINDOWS\system32\ole32.dll
0x000007ff7ebc0000 - 0x000007ff7ecd6000 	C:\WINDOWS\system32\OLEAUT32.dll
0x000000007c630000 - 0x000000007c650000 	C:\WINDOWS\WinSxS\amd64_Microsoft.VC80.ATL_1fc8b3b9a1e18e3b_8.0.50727.4053_x-ww_79404CDD\ATL80.DLL
0x0000000003560000 - 0x0000000003770000 	C:\Program Files\MATLAB\R2007b\bin\win64\hg.dll
0x0000000003780000 - 0x00000000039f9000 	C:\Program Files\MATLAB\R2007b\bin\win64\numerics.dll
0x0000000003a10000 - 0x0000000003a1c000 	C:\Program Files\MATLAB\R2007b\bin\win64\libmwamd.dll
0x0000000003a20000 - 0x0000000003ab1000 	C:\Program Files\MATLAB\R2007b\bin\win64\libmwcholmod.dll
0x0000000003ac0000 - 0x0000000003acb000 	C:\Program Files\MATLAB\R2007b\bin\win64\libmwcolamd.dll
0x0000000003ad0000 - 0x0000000003aee000 	C:\Program Files\MATLAB\R2007b\bin\win64\libmwlapack.dll
0x0000000003b00000 - 0x0000000003b10000 	C:\Program Files\MATLAB\R2007b\bin\win64\libmwbinder.dll
0x0000000003b20000 - 0x0000000003b2c000 	C:\Program Files\MATLAB\R2007b\bin\win64\libmwblas.dll
0x0000000003b40000 - 0x0000000003b48000 	C:\Program Files\MATLAB\R2007b\bin\win64\libmwcsparse.dll
0x0000000003b50000 - 0x0000000003b7d000 	C:\Program Files\MATLAB\R2007b\bin\win64\libmwma57.dll
0x0000000003b80000 - 0x0000000003c4c000 	C:\Program Files\MATLAB\R2007b\bin\win64\libifcoremd.dll
0x0000000003c50000 - 0x0000000003e6a000 	C:\Program Files\MATLAB\R2007b\bin\win64\libmmd.dll
0x0000000003e70000 - 0x0000000003f39000 	C:\Program Files\MATLAB\R2007b\bin\win64\libmwumfpack.dll
0x0000000003f40000 - 0x0000000003fe6000 	C:\Program Files\MATLAB\R2007b\bin\win64\libfftw3.dll
0x0000000004000000 - 0x00000000040a1000 	C:\Program Files\MATLAB\R2007b\bin\win64\libfftw3f.dll
0x00000000040c0000 - 0x00000000040ce000 	C:\Program Files\MATLAB\R2007b\bin\win64\mlautoregister.dll
0x00000000040e0000 - 0x00000000040f7000 	C:\Program Files\MATLAB\R2007b\bin\win64\mwoles05.DLL
0x0000000004110000 - 0x000000000419f000 	C:\Program Files\MATLAB\R2007b\bin\win64\udd_mi.dll
0x000007ff7d500000 - 0x000007ff7d539000 	C:\WINDOWS\system32\IMM32.DLL
0x000000006fa00000 - 0x000000006fa2e000 	C:\PROGRA~2\Sophos\SOPHOS~1\SOB0E4~1.DLL
0x000007ff7f000000 - 0x000007ff7f187000 	C:\WINDOWS\WinSxS\amd64_Microsoft.Windows.Common-Controls_6595b64144ccf1df_6.0.3790.3959_x-ww_0A7B2435\comctl32.dll
0x000000005d360000 - 0x000000005d36d000 	C:\WINDOWS\WinSxS\amd64_Microsoft.VC80.MFCLOC_1fc8b3b9a1e18e3b_8.0.50727.762_x-ww_C351F8E3\MFC80ENU.DLL
0x00000000084a0000 - 0x0000000008a47000 	C:\Program Files\MATLAB\R2007b\bin\win64\mllapack.dll
0x0000000008a50000 - 0x00000000091d2000 	C:\Program Files\MATLAB\R2007b\bin\win64\mkl.dll
0x00000000073e0000 - 0x0000000007425000 	C:\Program Files\MATLAB\R2007b\bin\win64\libguide40.dll
0x0000000007450000 - 0x0000000007456000 	C:\Program Files\MATLAB\R2007b\bin\win64\mklcompat.dll
0x000007ff77230000 - 0x000007ff772af000 	C:\WINDOWS\system32\uxtheme.dll
0x000007ff7a410000 - 0x000007ff7a4af000 	C:\WINDOWS\system32\MSCTF.dll
0x000007ff7ce50000 - 0x000007ff7ce91000 	C:\WINDOWS\system32\apphelp.dll
0x000007ff58af0000 - 0x000007ff58b4c000 	C:\WINDOWS\system32\msctfime.ime
0x000007ff799e0000 - 0x000007ff799e4000 	C:\WINDOWS\system32\icmp.Dll
0x000007ff57040000 - 0x000007ff57071000 	C:\WINDOWS\system32\iphlpapi.dll
0x000007ff771b0000 - 0x000007ff7722d000 	C:\WINDOWS\System32\mswsock.dll
0x000007ff7e8f0000 - 0x000007ff7e93e000 	C:\WINDOWS\system32\DNSAPI.dll
0x000007ff7e9f0000 - 0x000007ff7e9fb000 	C:\WINDOWS\System32\winrnr.dll
0x000007ff7e950000 - 0x000007ff7e9b6000 	C:\WINDOWS\system32\WLDAP32.dll
0x000007ff7ea00000 - 0x000007ff7ea07000 	C:\WINDOWS\system32\rasadhlp.dll
0x000007ff6d200000 - 0x000007ff6d293000 	C:\WINDOWS\system32\hnetcfg.dll
0x000007ff77170000 - 0x000007ff7717b000 	C:\WINDOWS\System32\wshtcpip.dll
0x000000000c5d0000 - 0x000000000cb21000 	C:\Program Files\MATLAB\R2007b\sys\java\jre\win64\jre1.6.0\bin\server\jvm.dll
0x000007ff7e240000 - 0x000007ff7e290000 	C:\WINDOWS\system32\WINMM.dll
0x000000000cb50000 - 0x000000000cb5a000 	C:\Program Files\MATLAB\R2007b\sys\java\jre\win64\jre1.6.0\bin\hpi.dll
0x000000000cb70000 - 0x000000000cb7e000 	C:\Program Files\MATLAB\R2007b\sys\java\jre\win64\jre1.6.0\bin\verify.dll
0x000000000cb80000 - 0x000000000cba7000 	C:\Program Files\MATLAB\R2007b\sys\java\jre\win64\jre1.6.0\bin\java.dll
0x000000000cbb0000 - 0x000000000cbc2000 	C:\Program Files\MATLAB\R2007b\sys\java\jre\win64\jre1.6.0\bin\zip.dll
0x000000000ffd0000 - 0x000000000ffe7000 	C:\Program Files\MATLAB\R2007b\sys\java\jre\win64\jre1.6.0\bin\net.dll
0x000000000fff0000 - 0x000000000fffa000 	C:\Program Files\MATLAB\R2007b\sys\java\jre\win64\jre1.6.0\bin\management.dll
0x0000000068000000 - 0x000000006804c000 	C:\WINDOWS\system32\rsaenh.dll
0x000007ff7c680000 - 0x000007ff7c78a000 	C:\WINDOWS\system32\USERENV.dll
0x0000000011d70000 - 0x0000000011fc0000 	C:\Program Files\MATLAB\R2007b\sys\java\jre\win64\jre1.6.0\bin\awt.dll
0x0000000011fc0000 - 0x0000000011fd6000 	C:\Program Files\MATLAB\R2007b\bin\win64\nativejava.dll
0x000000001ac20000 - 0x000000001ac36000 	C:\Program Files\MATLAB\R2007b\bin\win64\nativejmi.dll
0x000000001acc0000 - 0x000000001acc7000 	C:\Program Files\MATLAB\R2007b\bin\win64\nativeservices.dll
0x000000001ace0000 - 0x000000001ad49000 	C:\Program Files\MATLAB\R2007b\sys\java\jre\win64\jre1.6.0\bin\fontmanager.dll
0x000000001ab20000 - 0x000000001ab2b000 	C:\Program Files\MATLAB\R2007b\sys\java\jre\win64\jre1.6.0\bin\nio.dll
0x000000001b030000 - 0x000000001b037000 	C:\Program Files\MATLAB\R2007b\bin\win64\nativelex.dll
0x000000001b050000 - 0x000000001b05d000 	C:\Program Files\MATLAB\R2007b\bin\win64\nativecmdwin.dll
0x000000001b070000 - 0x000000001b079000 	C:\Program Files\MATLAB\R2007b\bin\win64\nativemlint.dll
0x000000001b330000 - 0x000000001b37f000 	C:\Program Files\MATLAB\R2007b\bin\win64\mlint.dll
0x000000000b650000 - 0x000000000b6a0000 	C:\Program Files\UltraMon\RTSUltraMonHook.dll
0x000007ff7d5c0000 - 0x000007ff7da0d000 	C:\WINDOWS\system32\msi.dll
0x000000000b7c0000 - 0x000000000b811000 	C:\Program Files\UltraMon\UltraMonResButtons.dll

VM Arguments:
jvm_args: -Xss512k -XX:PermSize=32M -Xms64m -XX:NewRatio=3 -XX:MaxPermSize=128M -Xmx196m -XX:MaxDirectMemorySize=2147400000 -Dsun.java2d.noddraw=true -Dsun.awt.nopixfmt=true -Xshare:off -XX:PermSize=114m -XX:MaxPermSize=114m -Xmx2048m -Dcom.sun.management.jmxremote -Djava.library.path=C:\Program Files\MATLAB\R2007b\bin\win64 vfprintf abort
java_command: <unknown>
Launcher Type: generic

Environment Variables:
CLASSPATH=.;C:\Program Files (x86)\Java\jre6\lib\ext\QTJava.zip
PATH=C:\WINDOWS\system32;C:\WINDOWS;C:\WINDOWS\system32\wbem;c:\windows\system32;c:\windows;c:\windows\system32\wbem;c:\program files\matlab\r2007b\bin;c:\program files\matlab\r2007b\bin\win64;c:\arcgis\arcexe9x\bin;C:\Program Files (x86)\QuickTime\QTSystem\
USERNAME=dan
OS=Windows_NT
PROCESSOR_IDENTIFIER=EM64T Family 6 Model 23 Stepping 7, GenuineIntel



---------------  S Y S T E M  ---------------

OS: Windows Server 2003 family Build 3790 Service Pack 2

CPU:total 4 em64t ht

Memory: 4k page, physical 8254788k(4877332k free), swap 9898260k(6729464k free)

vm_info: Java HotSpot(TM) 64-Bit Server VM (1.6.0-b105) for windows-amd64, built on Nov 29 2006 00:38:01 by "java_re" with unknown MS VC++:1400

