106.09.12 01:12 B c:\matlabR12\toolbox\LES_toolbox\LESTOOLS\Adiabatic.m --> mobile4.phy.umist.ac.uk /Database4/temp/LES_toolbox/LESTOOLS Adiabatic.m
106.09.12 01:12 B c:\matlabR12\toolbox\LES_toolbox\LESTOOLS\AFTERIMPORTDIAG.m --> mobile4.phy.umist.ac.uk /Database4/temp/LES_toolbox/LESTOOLS AFTERIMPORTDIAG.m
106.09.12 01:12 B c:\matlabR12\toolbox\LES_toolbox\LESTOOLS\AFTERIMPORTDIAG2.m --> mobile4.phy.umist.ac.uk /Database4/temp/LES_toolbox/LESTOOLS AFTERIMPORTDIAG2.m
106.09.12 01:12 B c:\matlabR12\toolbox\LES_toolbox\LESTOOLS\AFTERIMPORTDIAG3.m --> mobile4.phy.umist.ac.uk /Database4/temp/LES_toolbox/LESTOOLS AFTERIMPORTDIAG3.m
106.09.12 01:12 B c:\matlabR12\toolbox\LES_toolbox\LESTOOLS\AFTERIMPORTDIAG4.m --> mobile4.phy.umist.ac.uk /Database4/temp/LES_toolbox/LESTOOLS AFTERIMPORTDIAG4.m
106.09.12 01:12 B c:\matlabR12\toolbox\LES_toolbox\LESTOOLS\AFTERIMPORTDIAG5.m --> mobile4.phy.umist.ac.uk /Database4/temp/LES_toolbox/LESTOOLS AFTERIMPORTDIAG5.m
106.09.12 01:12 B c:\matlabR12\toolbox\LES_toolbox\LESTOOLS\AFTERIMPORTDIAG6.m --> mobile4.phy.umist.ac.uk /Database4/temp/LES_toolbox/LESTOOLS AFTERIMPORTDIAG6.m
106.09.12 01:12 B c:\matlabR12\toolbox\LES_toolbox\LESTOOLS\AFTERIMPORTDIAG7.m --> mobile4.phy.umist.ac.uk /Database4/temp/LES_toolbox/LESTOOLS AFTERIMPORTDIAG7.m
106.09.12 01:12 B c:\matlabR12\toolbox\LES_toolbox\LESTOOLS\AFTERIMPORTDIAG7_2D.m --> mobile4.phy.umist.ac.uk /Database4/temp/LES_toolbox/LESTOOLS AFTERIMPORTDIAG7_2D.m
106.09.12 01:12 B c:\matlabR12\toolbox\LES_toolbox\LESTOOLS\COLORMAP.mat --> mobile4.phy.umist.ac.uk /Database4/temp/LES_toolbox/LESTOOLS COLORMAP.mat
106.09.12 01:12 B c:\matlabR12\toolbox\LES_toolbox\LESTOOLS\COLORMAP1.mat --> mobile4.phy.umist.ac.uk /Database4/temp/LES_toolbox/LESTOOLS COLORMAP1.mat
106.09.12 01:12 B c:\matlabR12\toolbox\LES_toolbox\LESTOOLS\DoubleMom.m --> mobile4.phy.umist.ac.uk /Database4/temp/LES_toolbox/LESTOOLS DoubleMom.m
106.09.12 01:12 B c:\matlabR12\toolbox\LES_toolbox\LESTOOLS\LEWI.m --> mobile4.phy.umist.ac.uk /Database4/temp/LES_toolbox/LESTOOLS LEWI.m
106.09.12 01:12 B c:\matlabR12\toolbox\LES_toolbox\LESTOOLS\LEWW.m --> mobile4.phy.umist.ac.uk /Database4/temp/LES_toolbox/LESTOOLS LEWW.m
106.09.12 01:12 B c:\matlabR12\toolbox\LES_toolbox\LESTOOLS\Press.m --> mobile4.phy.umist.ac.uk /Database4/temp/LES_toolbox/LESTOOLS Press.m
106.09.12 01:12 B c:\matlabR12\toolbox\LES_toolbox\LESTOOLS\PROCLES.m --> mobile4.phy.umist.ac.uk /Database4/temp/LES_toolbox/LESTOOLS PROCLES.m
106.09.12 01:12 B c:\matlabR12\toolbox\LES_toolbox\LESTOOLS\SingleMom.m --> mobile4.phy.umist.ac.uk /Database4/temp/LES_toolbox/LESTOOLS SingleMom.m
106.09.12 01:12 B c:\matlabR12\toolbox\LES_toolbox\LESTOOLS\Zfactor.m --> mobile4.phy.umist.ac.uk /Database4/temp/LES_toolbox/LESTOOLS Zfactor.m
106.09.12 01:12 B c:\matlabR12\toolbox\LES_toolbox\LESTOOLS\ZfactorSingle.m --> mobile4.phy.umist.ac.uk /Database4/temp/LES_toolbox/LESTOOLS ZfactorSingle.m
106.09.12 01:12 B c:\matlabR12\toolbox\LES_toolbox\LESTOOLS\ZfactorTripleMom.m --> mobile4.phy.umist.ac.uk /Database4/temp/LES_toolbox/LESTOOLS ZfactorTripleMom.m
